<?xml version="1.0" encoding="UTF-8"?>
<testsuite name="com.tg.ThemeParkApplicationIT" tests="4" skipped="0" failures="0" errors="0" timestamp="2020-10-08T16:09:15" hostname="LAPTOP-9Q30ACUF" time="0.612">
  <properties/>
  <testcase name="getsAllRides" classname="com.tg.ThemeParkApplicationIT" time="0.475"/>
  <testcase name="getsSingleRide" classname="com.tg.ThemeParkApplicationIT" time="0.031"/>
  <testcase name="returnsNotFoundForInvalidSingleRide" classname="com.tg.ThemeParkApplicationIT" time="0.012"/>
  <testcase name="addsNewRide" classname="com.tg.ThemeParkApplicationIT" time="0.091"/>
  <system-out><![CDATA[21:39:09.819 [Test worker] DEBUG org.springframework.test.annotation.ProfileValueUtils - Retrieved @ProfileValueSourceConfiguration [null] for test class [com.tg.ThemeParkApplicationIT]
21:39:09.819 [Test worker] DEBUG org.springframework.test.annotation.ProfileValueUtils - Retrieved ProfileValueSource type [class org.springframework.test.annotation.SystemProfileValueSource] for class [com.tg.ThemeParkApplicationIT]
21:39:09.820 [Test worker] DEBUG org.springframework.test.annotation.ProfileValueUtils - Retrieved @ProfileValueSourceConfiguration [null] for test class [com.tg.ThemeParkApplicationIT]
21:39:09.820 [Test worker] DEBUG org.springframework.test.annotation.ProfileValueUtils - Retrieved ProfileValueSource type [class org.springframework.test.annotation.SystemProfileValueSource] for class [com.tg.ThemeParkApplicationIT]
21:39:09.827 [Test worker] DEBUG org.springframework.test.context.support.AbstractDirtiesContextTestExecutionListener - Before test class: context [DefaultTestContext@295e64dc testClass = ThemeParkApplicationIT, testInstance = [null], testMethod = [null], testException = [null], mergedContextConfiguration = [WebMergedContextConfiguration@46a6f550 testClass = ThemeParkApplicationIT, locations = '{}', classes = '{class com.tg.ThemeParkApplication}', contextInitializerClasses = '[]', activeProfiles = '{}', propertySourceLocations = '{}', propertySourceProperties = '{org.springframework.boot.test.context.SpringBootTestContextBootstrapper=true}', contextCustomizers = set[org.springframework.boot.test.autoconfigure.properties.PropertyMappingContextCustomizer@4b3fa0b3, org.springframework.boot.test.autoconfigure.web.servlet.WebDriverContextCustomizerFactory$Customizer@11317351, [ImportsContextCustomizer@53f52d96 key = [org.springframework.boot.test.autoconfigure.web.servlet.MockMvcAutoConfiguration, org.springframework.boot.test.autoconfigure.web.servlet.MockMvcWebClientAutoConfiguration, org.springframework.boot.test.autoconfigure.web.servlet.MockMvcWebDriverAutoConfiguration, org.springframework.boot.autoconfigure.security.oauth2.client.servlet.OAuth2ClientAutoConfiguration, org.springframework.boot.autoconfigure.security.oauth2.resource.servlet.OAuth2ResourceServerAutoConfiguration, org.springframework.boot.autoconfigure.security.servlet.SecurityAutoConfiguration, org.springframework.boot.autoconfigure.security.servlet.SecurityFilterAutoConfiguration, org.springframework.boot.autoconfigure.security.servlet.UserDetailsServiceAutoConfiguration, org.springframework.boot.test.autoconfigure.web.servlet.MockMvcSecurityConfiguration]], org.springframework.boot.test.context.filter.ExcludeFilterContextCustomizer@203e6f39, org.springframework.boot.test.json.DuplicateJsonObjectContextCustomizerFactory$DuplicateJsonObjectContextCustomizer@7507fa78, org.springframework.boot.test.mock.mockito.MockitoContextCustomizer@0, org.springframework.boot.test.web.client.TestRestTemplateContextCustomizer@166f977e, org.springframework.boot.test.context.SpringBootTestArgs@1], resourceBasePath = 'src/main/webapp', contextLoader = 'org.springframework.boot.test.context.SpringBootContextLoader', parent = [null]], attributes = map['org.springframework.test.context.web.ServletTestExecutionListener.activateListener' -> true]], class annotated with @DirtiesContext [false] with mode [null].
21:39:09.829 [Test worker] DEBUG org.springframework.test.annotation.ProfileValueUtils - Retrieved @ProfileValueSourceConfiguration [null] for test class [com.tg.ThemeParkApplicationIT]
21:39:09.829 [Test worker] DEBUG org.springframework.test.annotation.ProfileValueUtils - Retrieved ProfileValueSource type [class org.springframework.test.annotation.SystemProfileValueSource] for class [com.tg.ThemeParkApplicationIT]
21:39:09.854 [Test worker] DEBUG org.springframework.test.context.support.TestPropertySourceUtils - Adding inlined properties to environment: {spring.jmx.enabled=false, org.springframework.boot.test.context.SpringBootTestContextBootstrapper=true}

  .   ____          _            __ _ _
 /\\ / ___'_ __ _ _(_)_ __  __ _ \ \ \ \
( ( )\___ | '_ | '_| | '_ \/ _` | \ \ \ \
 \\/  ___)| |_)| | | | | || (_| |  ) ) ) )
  '  |____| .__|_| |_|_| |_\__, | / / / /
 =========|_|==============|___/=/_/_/_/
 :: Spring Boot ::        (v2.3.4.RELEASE)

2020-10-08 21:39:10.348  INFO 15772 --- [    Test worker] com.tg.ThemeParkApplicationIT            : Starting ThemeParkApplicationIT on LAPTOP-9Q30ACUF with PID 15772 (started by happy in D:\Applications\IntelliJ IDEA Community Edition 2020.2.3\projects)
2020-10-08 21:39:10.351  INFO 15772 --- [    Test worker] com.tg.ThemeParkApplicationIT            : No active profile set, falling back to default profiles: default
2020-10-08 21:39:11.633  INFO 15772 --- [    Test worker] .s.d.r.c.RepositoryConfigurationDelegate : Bootstrapping Spring Data JPA repositories in DEFERRED mode.
2020-10-08 21:39:11.705  INFO 15772 --- [    Test worker] .s.d.r.c.RepositoryConfigurationDelegate : Finished Spring Data repository scanning in 61ms. Found 1 JPA repository interfaces.
2020-10-08 21:39:12.619  INFO 15772 --- [    Test worker] o.s.s.concurrent.ThreadPoolTaskExecutor  : Initializing ExecutorService 'applicationTaskExecutor'
2020-10-08 21:39:12.648  INFO 15772 --- [    Test worker] com.zaxxer.hikari.HikariDataSource       : HikariPool-1 - Starting...
2020-10-08 21:39:12.925  INFO 15772 --- [    Test worker] com.zaxxer.hikari.HikariDataSource       : HikariPool-1 - Start completed.
2020-10-08 21:39:13.025  INFO 15772 --- [         task-1] o.hibernate.jpa.internal.util.LogHelper  : HHH000204: Processing PersistenceUnitInfo [name: default]
2020-10-08 21:39:13.129  INFO 15772 --- [         task-1] org.hibernate.Version                    : HHH000412: Hibernate ORM core version 5.4.21.Final
2020-10-08 21:39:13.393  WARN 15772 --- [    Test worker] JpaBaseConfiguration$JpaWebConfiguration : spring.jpa.open-in-view is enabled by default. Therefore, database queries may be performed during view rendering. Explicitly configure spring.jpa.open-in-view to disable this warning
2020-10-08 21:39:13.415  INFO 15772 --- [         task-1] o.hibernate.annotations.common.Version   : HCANN000001: Hibernate Commons Annotations {5.1.0.Final}
2020-10-08 21:39:13.660  INFO 15772 --- [         task-1] org.hibernate.dialect.Dialect            : HHH000400: Using dialect: org.hibernate.dialect.H2Dialect
2020-10-08 21:39:14.822  INFO 15772 --- [         task-1] o.h.e.t.j.p.i.JtaPlatformInitiator       : HHH000490: Using JtaPlatform implementation: [org.hibernate.engine.transaction.jta.platform.internal.NoJtaPlatform]
2020-10-08 21:39:14.834  INFO 15772 --- [         task-1] j.LocalContainerEntityManagerFactoryBean : Initialized JPA EntityManagerFactory for persistence unit 'default'
2020-10-08 21:39:15.037  INFO 15772 --- [    Test worker] o.s.b.t.m.w.SpringBootMockServletContext : Initializing Spring TestDispatcherServlet ''
2020-10-08 21:39:15.038  INFO 15772 --- [    Test worker] o.s.t.web.servlet.TestDispatcherServlet  : Initializing Servlet ''
2020-10-08 21:39:15.056  INFO 15772 --- [    Test worker] o.s.b.a.e.web.EndpointLinksResolver      : Exposing 2 endpoint(s) beneath base path '/actuator'
2020-10-08 21:39:15.102  INFO 15772 --- [    Test worker] o.s.t.web.servlet.TestDispatcherServlet  : Completed initialization in 64 ms
2020-10-08 21:39:15.129  INFO 15772 --- [    Test worker] DeferredRepositoryInitializationListener : Triggering deferred initialization of Spring Data repositories…
2020-10-08 21:39:15.548  INFO 15772 --- [    Test worker] DeferredRepositoryInitializationListener : Spring Data repositories initialized!
2020-10-08 21:39:15.566  INFO 15772 --- [    Test worker] com.tg.ThemeParkApplicationIT            : Started ThemeParkApplicationIT in 5.698 seconds (JVM running for 8.771)
]]></system-out>
  <system-err><![CDATA[]]></system-err>
</testsuite>
